e:\study\oop\lab_works\lw1.complex\debug\complex.obj
e:\study\oop\lab_works\lw1.complex\debug\source.obj
e:\study\oop\lab_works\lw1.complex\debug\vc100.pdb
e:\study\oop\lab_works\debug\lw1.complex.ilk
e:\study\oop\lab_works\debug\lw1.complex.exe
e:\study\oop\lab_works\lw1.complex\debug\lw1.complex.exe.intermediate.manifest
e:\study\oop\lab_works\debug\lw1.complex.pdb
e:\study\oop\lab_works\lw1.complex\debug\lw1.complex.exe.embed.manifest
e:\study\oop\lab_works\lw1.complex\debug\lw1.complex.exe.embed.manifest.res
c:\users\никита\documents\github\cpp-example\lw1.complex\debug\complex.obj
c:\users\никита\documents\github\cpp-example\lw1.complex\debug\source.obj
c:\users\никита\documents\github\cpp-example\lw1.complex\debug\cl.command.1.tlog
c:\users\никита\documents\github\cpp-example\lw1.complex\debug\cl.read.1.tlog
c:\users\никита\documents\github\cpp-example\lw1.complex\debug\cl.write.1.tlog
c:\users\никита\documents\github\cpp-example\lw1.complex\debug\link-cvtres.read.1.tlog
c:\users\никита\documents\github\cpp-example\lw1.complex\debug\link-cvtres.write.1.tlog
c:\users\никита\documents\github\cpp-example\lw1.complex\debug\link.1664-cvtres.read.1.tlog
c:\users\никита\documents\github\cpp-example\lw1.complex\debug\link.1664-cvtres.write.1.tlog
c:\users\никита\documents\github\cpp-example\lw1.complex\debug\link.1664.read.1.tlog
c:\users\никита\documents\github\cpp-example\lw1.complex\debug\link.1664.write.1.tlog
c:\users\никита\documents\github\cpp-example\lw1.complex\debug\link.command.1.tlog
c:\users\никита\documents\github\cpp-example\lw1.complex\debug\link.read.1.tlog
c:\users\никита\documents\github\cpp-example\lw1.complex\debug\link.write.1.tlog
c:\users\никита\documents\github\cpp-example\lw1.complex\debug\mt.command.1.tlog
c:\users\никита\documents\github\cpp-example\lw1.complex\debug\mt.read.1.tlog
c:\users\никита\documents\github\cpp-example\lw1.complex\debug\mt.write.1.tlog
c:\users\никита\documents\github\cpp-example\lw1.complex\debug\rc.command.1.tlog
c:\users\никита\documents\github\cpp-example\lw1.complex\debug\rc.read.1.tlog
c:\users\никита\documents\github\cpp-example\lw1.complex\debug\rc.write.1.tlog
c:\users\никита\documents\github\cpp-example\lw1.complex\debug\lw1.complex.exe.embed.manifest
c:\users\никита\documents\github\cpp-example\lw1.complex\debug\lw1.complex.exe.intermediate.manifest
c:\users\никита\documents\github\cpp-example\lw1.complex\debug\lw1.complex.exe.embed.manifest.res
c:\users\никита\documents\github\cpp-example\lw1.complex\debug\vc100.idb
c:\users\никита\documents\github\cpp-example\lw1.complex\debug\vc100.pdb
c:\users\никита\documents\github\cpp-example\lw1.complex\debug\lw1.complex_manifest.rc
