e:\study\oop\lab_works\lw5.stl\debug\source.obj
e:\study\oop\lab_works\lw5.stl\debug\vc100.pdb
d:\study\oop\lab_works\lw5.stl\debug\source.obj
d:\study\oop\lab_works\lw5.stl\debug\vc100.pdb
i:\study\oop\lab_works\lw5.stl\debug\source.obj
i:\study\oop\lab_works\lw5.stl\debug\vc100.pdb
e:\study\oop\lab_works\debug\lw5.stl.ilk
e:\study\oop\lab_works\debug\lw5.stl.exe
e:\study\oop\lab_works\lw5.stl\debug\lw5.stl.exe.intermediate.manifest
e:\study\oop\lab_works\debug\lw5.stl.pdb
d:\study\oop\lab_works\debug\lw5.stl.ilk
d:\study\oop\lab_works\debug\lw5.stl.exe
d:\study\oop\lab_works\lw5.stl\debug\lw5.stl.exe.intermediate.manifest
d:\study\oop\lab_works\debug\lw5.stl.pdb
i:\study\oop\lab_works\debug\lw5.stl.ilk
i:\study\oop\lab_works\debug\lw5.stl.exe
i:\study\oop\lab_works\lw5.stl\debug\lw5.stl.exe.intermediate.manifest
i:\study\oop\lab_works\debug\lw5.stl.pdb
e:\study\oop\lab_works\lw5.stl\debug\lw5.stl.exe.embed.manifest
d:\study\oop\lab_works\lw5.stl\debug\lw5.stl.exe.embed.manifest
e:\study\oop\lab_works\lw5.stl\debug\lw5.stl.exe.embed.manifest.res
d:\study\oop\lab_works\lw5.stl\debug\lw5.stl.exe.embed.manifest.res
i:\study\oop\lab_works\lw5.stl\debug\lw5.stl.exe.embed.manifest.res
c:\users\никита\documents\github\cpp-example\lw5.stl\debug\source.obj
c:\users\никита\documents\github\cpp-example\lw5.stl\debug\cl.command.1.tlog
c:\users\никита\documents\github\cpp-example\lw5.stl\debug\cl.read.1.tlog
c:\users\никита\documents\github\cpp-example\lw5.stl\debug\cl.write.1.tlog
c:\users\никита\documents\github\cpp-example\lw5.stl\debug\link-cvtres.read.1.tlog
c:\users\никита\documents\github\cpp-example\lw5.stl\debug\link-cvtres.write.1.tlog
c:\users\никита\documents\github\cpp-example\lw5.stl\debug\link.3772-cvtres.read.1.tlog
c:\users\никита\documents\github\cpp-example\lw5.stl\debug\link.3772-cvtres.write.1.tlog
c:\users\никита\documents\github\cpp-example\lw5.stl\debug\link.3772.read.1.tlog
c:\users\никита\documents\github\cpp-example\lw5.stl\debug\link.3772.write.1.tlog
c:\users\никита\documents\github\cpp-example\lw5.stl\debug\link.command.1.tlog
c:\users\никита\documents\github\cpp-example\lw5.stl\debug\link.read.1.tlog
c:\users\никита\documents\github\cpp-example\lw5.stl\debug\link.write.1.tlog
c:\users\никита\documents\github\cpp-example\lw5.stl\debug\mt.command.1.tlog
c:\users\никита\documents\github\cpp-example\lw5.stl\debug\mt.read.1.tlog
c:\users\никита\documents\github\cpp-example\lw5.stl\debug\mt.write.1.tlog
c:\users\никита\documents\github\cpp-example\lw5.stl\debug\rc.command.1.tlog
c:\users\никита\documents\github\cpp-example\lw5.stl\debug\rc.read.1.tlog
c:\users\никита\documents\github\cpp-example\lw5.stl\debug\rc.write.1.tlog
c:\users\никита\documents\github\cpp-example\lw5.stl\debug\lw5.stl.exe.embed.manifest
c:\users\никита\documents\github\cpp-example\lw5.stl\debug\lw5.stl.exe.intermediate.manifest
c:\users\никита\documents\github\cpp-example\lw5.stl\debug\lw5.stl.exe.embed.manifest.res
c:\users\никита\documents\github\cpp-example\lw5.stl\debug\vc100.idb
c:\users\никита\documents\github\cpp-example\lw5.stl\debug\vc100.pdb
c:\users\никита\documents\github\cpp-example\lw5.stl\debug\lw5.stl_manifest.rc
