e:\study\oop\lab_works\lw2.matrix\debug\matrix.obj
e:\study\oop\lab_works\lw2.matrix\debug\source.obj
e:\study\oop\lab_works\lw2.matrix\debug\vc100.pdb
e:\study\oop\lab_works\debug\lw2.matrix.ilk
e:\study\oop\lab_works\debug\lw2.matrix.exe
e:\study\oop\lab_works\lw2.matrix\debug\lw2.matrix.exe.intermediate.manifest
e:\study\oop\lab_works\debug\lw2.matrix.pdb
e:\study\oop\lab_works\lw2.matrix\debug\lw2.matrix.exe.embed.manifest
e:\study\oop\lab_works\lw2.matrix\debug\lw2.matrix.exe.embed.manifest.res
c:\users\никита\documents\github\cpp-example\lw2.matrix\debug\matrix.obj
c:\users\никита\documents\github\cpp-example\lw2.matrix\debug\source.obj
c:\users\никита\documents\github\cpp-example\lw2.matrix\debug\cl.command.1.tlog
c:\users\никита\documents\github\cpp-example\lw2.matrix\debug\cl.read.1.tlog
c:\users\никита\documents\github\cpp-example\lw2.matrix\debug\cl.write.1.tlog
c:\users\никита\documents\github\cpp-example\lw2.matrix\debug\link-cvtres.read.1.tlog
c:\users\никита\documents\github\cpp-example\lw2.matrix\debug\link-cvtres.write.1.tlog
c:\users\никита\documents\github\cpp-example\lw2.matrix\debug\link.3544-cvtres.read.1.tlog
c:\users\никита\documents\github\cpp-example\lw2.matrix\debug\link.3544-cvtres.write.1.tlog
c:\users\никита\documents\github\cpp-example\lw2.matrix\debug\link.3544.read.1.tlog
c:\users\никита\documents\github\cpp-example\lw2.matrix\debug\link.3544.write.1.tlog
c:\users\никита\documents\github\cpp-example\lw2.matrix\debug\link.command.1.tlog
c:\users\никита\documents\github\cpp-example\lw2.matrix\debug\link.read.1.tlog
c:\users\никита\documents\github\cpp-example\lw2.matrix\debug\link.write.1.tlog
c:\users\никита\documents\github\cpp-example\lw2.matrix\debug\mt.command.1.tlog
c:\users\никита\documents\github\cpp-example\lw2.matrix\debug\mt.read.1.tlog
c:\users\никита\documents\github\cpp-example\lw2.matrix\debug\mt.write.1.tlog
c:\users\никита\documents\github\cpp-example\lw2.matrix\debug\rc.command.1.tlog
c:\users\никита\documents\github\cpp-example\lw2.matrix\debug\rc.read.1.tlog
c:\users\никита\documents\github\cpp-example\lw2.matrix\debug\rc.write.1.tlog
c:\users\никита\documents\github\cpp-example\lw2.matrix\debug\lw2.matrix.exe.embed.manifest
c:\users\никита\documents\github\cpp-example\lw2.matrix\debug\lw2.matrix.exe.intermediate.manifest
c:\users\никита\documents\github\cpp-example\lw2.matrix\debug\lw2.matrix.exe.embed.manifest.res
c:\users\никита\documents\github\cpp-example\lw2.matrix\debug\vc100.idb
c:\users\никита\documents\github\cpp-example\lw2.matrix\debug\vc100.pdb
c:\users\никита\documents\github\cpp-example\lw2.matrix\debug\lw2.matrix_manifest.rc
