e:\study\oop\lab_works\lw4. template\debug\complex.obj
e:\study\oop\lab_works\lw4. template\debug\matrix.obj
e:\study\oop\lab_works\lw4. template\debug\source.obj
e:\study\oop\lab_works\lw4. template\debug\vc100.pdb
i:\study\oop\lab_works\lw4. template\debug\complex.obj
i:\study\oop\lab_works\lw4. template\debug\matrix.obj
i:\study\oop\lab_works\lw4. template\debug\source.obj
i:\study\oop\lab_works\lw4. template\debug\vc100.pdb
e:\study\oop\lab_works\debug\lw4.template.ilk
e:\study\oop\lab_works\debug\lw4.template.exe
e:\study\oop\lab_works\lw4. template\debug\lw4.template.exe.intermediate.manifest
e:\study\oop\lab_works\debug\lw4.template.pdb
e:\study\oop\lab_works\lw4. template\debug\lw4.template.exe.embed.manifest
e:\study\oop\lab_works\lw4. template\debug\lw4.template.exe.embed.manifest.res
i:\study\oop\lab_works\lw4. template\debug\lw4.template.exe.embed.manifest.res
c:\users\никита\documents\github\cpp-example\lw4. template\debug\complex.obj
c:\users\никита\documents\github\cpp-example\lw4. template\debug\matrix.obj
c:\users\никита\documents\github\cpp-example\lw4. template\debug\source.obj
c:\users\никита\documents\github\cpp-example\lw4. template\debug\cl.command.1.tlog
c:\users\никита\documents\github\cpp-example\lw4. template\debug\cl.read.1.tlog
c:\users\никита\documents\github\cpp-example\lw4. template\debug\cl.write.1.tlog
c:\users\никита\documents\github\cpp-example\lw4. template\debug\link-cvtres.read.1.tlog
c:\users\никита\documents\github\cpp-example\lw4. template\debug\link-cvtres.write.1.tlog
c:\users\никита\documents\github\cpp-example\lw4. template\debug\link.command.1.tlog
c:\users\никита\documents\github\cpp-example\lw4. template\debug\link.read.1.tlog
c:\users\никита\documents\github\cpp-example\lw4. template\debug\link.write.1.tlog
c:\users\никита\documents\github\cpp-example\lw4. template\debug\mt.command.1.tlog
c:\users\никита\documents\github\cpp-example\lw4. template\debug\mt.read.1.tlog
c:\users\никита\documents\github\cpp-example\lw4. template\debug\mt.write.1.tlog
c:\users\никита\documents\github\cpp-example\lw4. template\debug\rc.command.1.tlog
c:\users\никита\documents\github\cpp-example\lw4. template\debug\rc.read.1.tlog
c:\users\никита\documents\github\cpp-example\lw4. template\debug\rc.write.1.tlog
c:\users\никита\documents\github\cpp-example\lw4. template\debug\lw4.template.exe.embed.manifest
c:\users\никита\documents\github\cpp-example\lw4. template\debug\lw4.template.exe.intermediate.manifest
c:\users\никита\documents\github\cpp-example\lw4. template\debug\lw4.template.exe.embed.manifest.res
c:\users\никита\documents\github\cpp-example\lw4. template\debug\vc100.idb
c:\users\никита\documents\github\cpp-example\lw4. template\debug\vc100.pdb
c:\users\никита\documents\github\cpp-example\lw4. template\debug\lw4.template_manifest.rc
